

Started GET "/" for 127.0.0.1 at 2014-03-16 18:32:20 -0400
Processing by Rails::WelcomeController#index as HTML
  Rendered /usr/local/var/rbenv/versions/2.1.1/lib/ruby/gems/2.1.0/gems/railties-4.0.4/lib/rails/templates/rails/welcome/index.html.erb (1.1ms)
Completed 200 OK in 12ms (Views: 5.5ms | ActiveRecord: 0.0ms)


Started GET "/" for 127.0.0.1 at 2014-03-16 18:32:41 -0400

AbstractController::ActionNotFound (The action 'index' could not be found for ApiController):
  actionpack (4.0.4) lib/abstract_controller/base.rb:131:in `process'
  actionpack (4.0.4) lib/abstract_controller/rendering.rb:44:in `process'
  actionpack (4.0.4) lib/action_controller/metal.rb:195:in `dispatch'
  actionpack (4.0.4) lib/action_controller/metal/rack_delegation.rb:13:in `dispatch'
  actionpack (4.0.4) lib/action_controller/metal.rb:231:in `block in action'
  actionpack (4.0.4) lib/action_dispatch/routing/route_set.rb:80:in `call'
  actionpack (4.0.4) lib/action_dispatch/routing/route_set.rb:80:in `dispatch'
  actionpack (4.0.4) lib/action_dispatch/routing/route_set.rb:48:in `call'
  actionpack (4.0.4) lib/action_dispatch/journey/router.rb:71:in `block in call'
  actionpack (4.0.4) lib/action_dispatch/journey/router.rb:59:in `each'
  actionpack (4.0.4) lib/action_dispatch/journey/router.rb:59:in `call'
  actionpack (4.0.4) lib/action_dispatch/routing/route_set.rb:674:in `call'
  rack (1.5.2) lib/rack/etag.rb:23:in `call'
  rack (1.5.2) lib/rack/conditionalget.rb:25:in `call'
  rack (1.5.2) lib/rack/head.rb:11:in `call'
  actionpack (4.0.4) lib/action_dispatch/middleware/params_parser.rb:27:in `call'
  actionpack (4.0.4) lib/action_dispatch/middleware/flash.rb:241:in `call'
  rack (1.5.2) lib/rack/session/abstract/id.rb:225:in `context'
  rack (1.5.2) lib/rack/session/abstract/id.rb:220:in `call'
  actionpack (4.0.4) lib/action_dispatch/middleware/cookies.rb:486:in `call'
  activerecord (4.0.4) lib/active_record/query_cache.rb:36:in `call'
  activerecord (4.0.4) lib/active_record/connection_adapters/abstract/connection_pool.rb:626:in `call'
  activerecord (4.0.4) lib/active_record/migration.rb:373:in `call'
  actionpack (4.0.4) lib/action_dispatch/middleware/callbacks.rb:29:in `block in call'
  activesupport (4.0.4) lib/active_support/callbacks.rb:373:in `_run__3843891188216373180__call__callbacks'
  activesupport (4.0.4) lib/active_support/callbacks.rb:80:in `run_callbacks'
  actionpack (4.0.4) lib/action_dispatch/middleware/callbacks.rb:27:in `call'
  actionpack (4.0.4) lib/action_dispatch/middleware/reloader.rb:64:in `call'
  actionpack (4.0.4) lib/action_dispatch/middleware/remote_ip.rb:76:in `call'
  actionpack (4.0.4) lib/action_dispatch/middleware/debug_exceptions.rb:17:in `call'
  actionpack (4.0.4) lib/action_dispatch/middleware/show_exceptions.rb:30:in `call'
  railties (4.0.4) lib/rails/rack/logger.rb:38:in `call_app'
  railties (4.0.4) lib/rails/rack/logger.rb:20:in `block in call'
  activesupport (4.0.4) lib/active_support/tagged_logging.rb:68:in `block in tagged'
  activesupport (4.0.4) lib/active_support/tagged_logging.rb:26:in `tagged'
  activesupport (4.0.4) lib/active_support/tagged_logging.rb:68:in `tagged'
  railties (4.0.4) lib/rails/rack/logger.rb:20:in `call'
  actionpack (4.0.4) lib/action_dispatch/middleware/request_id.rb:21:in `call'
  rack (1.5.2) lib/rack/methodoverride.rb:21:in `call'
  rack (1.5.2) lib/rack/runtime.rb:17:in `call'
  activesupport (4.0.4) lib/active_support/cache/strategy/local_cache.rb:83:in `call'
  rack (1.5.2) lib/rack/lock.rb:17:in `call'
  actionpack (4.0.4) lib/action_dispatch/middleware/static.rb:64:in `call'
  rack (1.5.2) lib/rack/sendfile.rb:112:in `call'
  railties (4.0.4) lib/rails/engine.rb:511:in `call'
  railties (4.0.4) lib/rails/application.rb:97:in `call'
  rack (1.5.2) lib/rack/lock.rb:17:in `call'
  rack (1.5.2) lib/rack/content_length.rb:14:in `call'
  rack (1.5.2) lib/rack/handler/webrick.rb:60:in `service'
  /usr/local/var/rbenv/versions/2.1.1/lib/ruby/2.1.0/webrick/httpserver.rb:138:in `service'
  /usr/local/var/rbenv/versions/2.1.1/lib/ruby/2.1.0/webrick/httpserver.rb:94:in `run'
  /usr/local/var/rbenv/versions/2.1.1/lib/ruby/2.1.0/webrick/server.rb:295:in `block in start_thread'


  Rendered /usr/local/var/rbenv/versions/2.1.1/lib/ruby/gems/2.1.0/gems/actionpack-4.0.4/lib/action_dispatch/middleware/templates/rescues/unknown_action.erb within rescues/layout (0.3ms)


Started GET "/" for 127.0.0.1 at 2014-03-16 18:32:42 -0400

AbstractController::ActionNotFound (The action 'index' could not be found for ApiController):
  actionpack (4.0.4) lib/abstract_controller/base.rb:131:in `process'
  actionpack (4.0.4) lib/abstract_controller/rendering.rb:44:in `process'
  actionpack (4.0.4) lib/action_controller/metal.rb:195:in `dispatch'
  actionpack (4.0.4) lib/action_controller/metal/rack_delegation.rb:13:in `dispatch'
  actionpack (4.0.4) lib/action_controller/metal.rb:231:in `block in action'
  actionpack (4.0.4) lib/action_dispatch/routing/route_set.rb:80:in `call'
  actionpack (4.0.4) lib/action_dispatch/routing/route_set.rb:80:in `dispatch'
  actionpack (4.0.4) lib/action_dispatch/routing/route_set.rb:48:in `call'
  actionpack (4.0.4) lib/action_dispatch/journey/router.rb:71:in `block in call'
  actionpack (4.0.4) lib/action_dispatch/journey/router.rb:59:in `each'
  actionpack (4.0.4) lib/action_dispatch/journey/router.rb:59:in `call'
  actionpack (4.0.4) lib/action_dispatch/routing/route_set.rb:674:in `call'
  rack (1.5.2) lib/rack/etag.rb:23:in `call'
  rack (1.5.2) lib/rack/conditionalget.rb:25:in `call'
  rack (1.5.2) lib/rack/head.rb:11:in `call'
  actionpack (4.0.4) lib/action_dispatch/middleware/params_parser.rb:27:in `call'
  actionpack (4.0.4) lib/action_dispatch/middleware/flash.rb:241:in `call'
  rack (1.5.2) lib/rack/session/abstract/id.rb:225:in `context'
  rack (1.5.2) lib/rack/session/abstract/id.rb:220:in `call'
  actionpack (4.0.4) lib/action_dispatch/middleware/cookies.rb:486:in `call'
  activerecord (4.0.4) lib/active_record/query_cache.rb:36:in `call'
  activerecord (4.0.4) lib/active_record/connection_adapters/abstract/connection_pool.rb:626:in `call'
  activerecord (4.0.4) lib/active_record/migration.rb:373:in `call'
  actionpack (4.0.4) lib/action_dispatch/middleware/callbacks.rb:29:in `block in call'
  activesupport (4.0.4) lib/active_support/callbacks.rb:373:in `_run__3843891188216373180__call__callbacks'
  activesupport (4.0.4) lib/active_support/callbacks.rb:80:in `run_callbacks'
  actionpack (4.0.4) lib/action_dispatch/middleware/callbacks.rb:27:in `call'
  actionpack (4.0.4) lib/action_dispatch/middleware/reloader.rb:64:in `call'
  actionpack (4.0.4) lib/action_dispatch/middleware/remote_ip.rb:76:in `call'
  actionpack (4.0.4) lib/action_dispatch/middleware/debug_exceptions.rb:17:in `call'
  actionpack (4.0.4) lib/action_dispatch/middleware/show_exceptions.rb:30:in `call'
  railties (4.0.4) lib/rails/rack/logger.rb:38:in `call_app'
  railties (4.0.4) lib/rails/rack/logger.rb:20:in `block in call'
  activesupport (4.0.4) lib/active_support/tagged_logging.rb:68:in `block in tagged'
  activesupport (4.0.4) lib/active_support/tagged_logging.rb:26:in `tagged'
  activesupport (4.0.4) lib/active_support/tagged_logging.rb:68:in `tagged'
  railties (4.0.4) lib/rails/rack/logger.rb:20:in `call'
  actionpack (4.0.4) lib/action_dispatch/middleware/request_id.rb:21:in `call'
  rack (1.5.2) lib/rack/methodoverride.rb:21:in `call'
  rack (1.5.2) lib/rack/runtime.rb:17:in `call'
  activesupport (4.0.4) lib/active_support/cache/strategy/local_cache.rb:83:in `call'
  rack (1.5.2) lib/rack/lock.rb:17:in `call'
  actionpack (4.0.4) lib/action_dispatch/middleware/static.rb:64:in `call'
  rack (1.5.2) lib/rack/sendfile.rb:112:in `call'
  railties (4.0.4) lib/rails/engine.rb:511:in `call'
  railties (4.0.4) lib/rails/application.rb:97:in `call'
  rack (1.5.2) lib/rack/lock.rb:17:in `call'
  rack (1.5.2) lib/rack/content_length.rb:14:in `call'
  rack (1.5.2) lib/rack/handler/webrick.rb:60:in `service'
  /usr/local/var/rbenv/versions/2.1.1/lib/ruby/2.1.0/webrick/httpserver.rb:138:in `service'
  /usr/local/var/rbenv/versions/2.1.1/lib/ruby/2.1.0/webrick/httpserver.rb:94:in `run'
  /usr/local/var/rbenv/versions/2.1.1/lib/ruby/2.1.0/webrick/server.rb:295:in `block in start_thread'


  Rendered /usr/local/var/rbenv/versions/2.1.1/lib/ruby/gems/2.1.0/gems/actionpack-4.0.4/lib/action_dispatch/middleware/templates/rescues/unknown_action.erb within rescues/layout (0.4ms)


Started GET "/" for 127.0.0.1 at 2014-03-16 18:32:49 -0400
Processing by ApiController#index as HTML
Completed 500 Internal Server Error in 2ms

ActionView::MissingTemplate (Missing template api/OK, application/OK with {:locale=>[:en], :formats=>[:html], :handlers=>[:erb, :builder, :raw, :ruby, :jbuilder, :coffee]}. Searched in:
  * "/Users/orta/dev/ruby/cocoadocs2/app/views"
):
  app/controllers/api_controller.rb:3:in `index'


  Rendered /usr/local/var/rbenv/versions/2.1.1/lib/ruby/gems/2.1.0/gems/actionpack-4.0.4/lib/action_dispatch/middleware/templates/rescues/missing_template.erb within rescues/layout (0.4ms)


Started GET "/" for 127.0.0.1 at 2014-03-16 18:33:05 -0400
Processing by ApiController#index as HTML
Completed 500 Internal Server Error in 1ms

NoMethodError (undefined method `[]=' for :text:Symbol):
  app/controllers/api_controller.rb:3:in `index'


  Rendered /usr/local/var/rbenv/versions/2.1.1/lib/ruby/gems/2.1.0/gems/actionpack-4.0.4/lib/action_dispatch/middleware/templates/rescues/_source.erb (0.5ms)
  Rendered /usr/local/var/rbenv/versions/2.1.1/lib/ruby/gems/2.1.0/gems/actionpack-4.0.4/lib/action_dispatch/middleware/templates/rescues/_trace.erb (0.9ms)
  Rendered /usr/local/var/rbenv/versions/2.1.1/lib/ruby/gems/2.1.0/gems/actionpack-4.0.4/lib/action_dispatch/middleware/templates/rescues/_request_and_response.erb (0.7ms)
  Rendered /usr/local/var/rbenv/versions/2.1.1/lib/ruby/gems/2.1.0/gems/actionpack-4.0.4/lib/action_dispatch/middleware/templates/rescues/diagnostics.erb within rescues/layout (14.2ms)


Started GET "/" for 127.0.0.1 at 2014-03-16 18:33:18 -0400
Processing by ApiController#index as HTML
  Rendered text template (0.0ms)
Completed 200 OK in 1ms (Views: 1.0ms | ActiveRecord: 0.0ms)


Started GET "/" for 127.0.0.1 at 2014-03-16 18:33:58 -0400
Processing by ApiController#index as HTML
  Rendered text template (0.0ms)
Completed 200 OK in 1ms (Views: 0.6ms | ActiveRecord: 0.0ms)


Started GET "/" for 127.0.0.1 at 2014-03-16 18:34:04 -0400
Processing by ApiController#index as HTML
  Rendered text template (0.0ms)
Completed 200 OK in 0ms (Views: 0.2ms | ActiveRecord: 0.0ms)


Started GET "/" for 127.0.0.1 at 2014-03-16 18:39:13 -0400
Processing by ApiController#index as HTML
  Rendered text template (0.0ms)
Completed 200 OK in 1ms (Views: 0.3ms | ActiveRecord: 0.0ms)
